22:42:39.164 [main] INFO  utilities.BaseTest - Login Page loaded successfully
22:42:40.619 [main] INFO  utilities.BaseTest - Email entered successfully
22:42:40.737 [main] INFO  utilities.BaseTest - password entered successfully
22:42:45.920 [main] INFO  utilities.BaseTest - Verifying the logout button availability 
23:26:16.492 [main] INFO  utilities.BaseTest - Homepage loaded successfully
23:26:16.762 [main] INFO  utilities.BaseTest - Logo verified successfully
23:26:21.604 [main] INFO  utilities.BaseTest - contact page loaded successfully
23:26:41.619 [main] INFO  utilities.BaseTest - User email id entered
23:26:41.909 [main] INFO  utilities.BaseTest - clicked on signup button
23:26:48.702 [main] INFO  utilities.BaseTest - Entering the product name and Searching for the product
23:26:51.768 [main] INFO  utilities.BaseTest - Searched product displayed successfully
23:26:57.300 [main] INFO  utilities.BaseTest - navigated to Add giftcard section
23:26:59.684 [main] INFO  utilities.BaseTest - Gift card added successfully
23:27:08.016 [main] INFO  utilities.BaseTest - Product in cart displayed
23:27:08.193 [main] INFO  utilities.BaseTest - Navigated to cart
23:27:14.422 [main] INFO  utilities.BaseTest - successfully navigated to the checkout page
23:27:17.807 [main] INFO  utilities.BaseTest - Hover action performed successfully
23:27:27.295 [main] INFO  utilities.BaseTest - desired page loaded successfully
23:27:33.361 [main] INFO  utilities.BaseTest - All tab clicked and page loaded
23:27:36.909 [main] INFO  utilities.BaseTest - navigated to 2nd page
23:27:37.247 [main] INFO  utilities.BaseTest - Product is successfully displayed
23:27:44.171 [main] INFO  utilities.BaseTest - Clicked on the christmas tab
23:27:44.838 [main] INFO  utilities.BaseTest - Clicked on the sort by option
23:27:48.549 [main] INFO  utilities.BaseTest - Product validated after sorting
23:27:56.248 [main] INFO  utilities.BaseTest - Product added to wishlist
23:28:02.053 [main] INFO  utilities.BaseTest - Wishlist page loaded successfully
